<?xml version="1.0" encoding="UTF-8"?>
<testsuite name="com.mutation.YearTest" tests="1" skipped="0" failures="0" errors="0" timestamp="2020-09-18T07:06:07" hostname="indchnbawyasmbp" time="0.002">
  <properties/>
  <testcase name="testYearDivByFourLessThanZero" classname="com.mutation.YearTest" time="0.002"/>
  <system-out><![CDATA[]]></system-out>
  <system-err><![CDATA[]]></system-err>
</testsuite>
